[⣷] Pulling schema from database...
[2K[1G[⣯] Pulling schema from database...
[2K[1G[⣟] Pulling schema from database...
[2K[1G[⡿] Pulling schema from database...
[2K[1G[⢿] Pulling schema from database...
[2K[1G[⣻] Pulling schema from database...
[2K[1G[⣽] Pulling schema from database...
[2K[1G[⣷] Pulling schema from database...
[2K[1G[⣯] Pulling schema from database...
[2K[1G[⣟] Pulling schema from database...
[2K[1G[⡿] Pulling schema from database...
[2K[1G[⢿] Pulling schema from database...
[2K[1G[⣻] Pulling schema from database...
[2K[1G[⣽] Pulling schema from database...
[2K[1G[⣷] Pulling schema from database...
[2K[1G[⣯] Pulling schema from database...
[2K[1G[⣟] Pulling schema from database...
[2K[1G[⡿] Pulling schema from database...
[2K[1G[⢿] Pulling schema from database...
[2K[1G[⣻] Pulling schema from database...
[2K[1G[⣽] Pulling schema from database...
[2K[1G[⣷] Pulling schema from database...
[2K[1G[⣯] Pulling schema from database...
[2K[1G[⣟] Pulling schema from database...
[2K[1G[⡿] Pulling schema from database...
[2K[1G[⢿] Pulling schema from database...
[2K[1G[⣻] Pulling schema from database...
[2K[1G[⣽] Pulling schema from database...
[2K[1G[⣷] Pulling schema from database...
[2K[1G[⣯] Pulling schema from database...
[2K[1G[⣟] Pulling schema from database...
[2K[1G[⡿] Pulling schema from database...
[2K[1G[⢿] Pulling schema from database...
[2K[1G[⣻] Pulling schema from database...
[2K[1G[✓] Pulling schema from database...
[18:18:56] [33mWARN[39m: [36mNo email adapter provided. Email will be written to console. More info at https://payloadcms.com/docs/email/overview.[39m
Clearing existing data...
Seeding Artists...
Seeding Galleries...
Seeding Artworks...
Failed to seed artwork Abaporu (Estudio): ValidationError: The following field is invalid: Artist
    at beforeChange (/Users/albertdb/Documents/Antigravity/prenda/prenda-del-alma/node_modules/.pnpm/payload@3.70.0_graphql@16.12.0_typescript@5.8.3/node_modules/payload/src/fields/hooks/beforeChange/index.ts:77:11)
    at process.processTicksAndRejections (node:internal/process/task_queues:105:5)
    at async createOperation (/Users/albertdb/Documents/Antigravity/prenda/prenda-del-alma/node_modules/.pnpm/payload@3.70.0_graphql@16.12.0_typescript@5.8.3/node_modules/payload/src/collections/operations/create.ts:219:31)
    at async seed (/Users/albertdb/Documents/Antigravity/prenda/prenda-del-alma/apps/backend/src/seed.ts:486:13) {
  data: {
    id: undefined,
    collection: 'artworks',
    errors: [ [Object] ],
    global: undefined
  },
  isOperational: true,
  isPublic: true,
  status: 400,
  [cause]: {
    id: undefined,
    collection: 'artworks',
    errors: [ [Object] ],
    global: undefined
  }
}
Failed to seed artwork Manifestación: ValidationError: The following field is invalid: Artist
    at beforeChange (/Users/albertdb/Documents/Antigravity/prenda/prenda-del-alma/node_modules/.pnpm/payload@3.70.0_graphql@16.12.0_typescript@5.8.3/node_modules/payload/src/fields/hooks/beforeChange/index.ts:77:11)
    at process.processTicksAndRejections (node:internal/process/task_queues:105:5)
    at async createOperation (/Users/albertdb/Documents/Antigravity/prenda/prenda-del-alma/node_modules/.pnpm/payload@3.70.0_graphql@16.12.0_typescript@5.8.3/node_modules/payload/src/collections/operations/create.ts:219:31)
    at async seed (/Users/albertdb/Documents/Antigravity/prenda/prenda-del-alma/apps/backend/src/seed.ts:486:13) {
  data: {
    id: undefined,
    collection: 'artworks',
    errors: [ [Object] ],
    global: undefined
  },
  isOperational: true,
  isPublic: true,
  status: 400,
  [cause]: {
    id: undefined,
    collection: 'artworks',
    errors: [ [Object] ],
    global: undefined
  }
}
Failed to seed artwork Maman: ValidationError: The following field is invalid: Artist
    at beforeChange (/Users/albertdb/Documents/Antigravity/prenda/prenda-del-alma/node_modules/.pnpm/payload@3.70.0_graphql@16.12.0_typescript@5.8.3/node_modules/payload/src/fields/hooks/beforeChange/index.ts:77:11)
    at process.processTicksAndRejections (node:internal/process/task_queues:105:5)
    at async createOperation (/Users/albertdb/Documents/Antigravity/prenda/prenda-del-alma/node_modules/.pnpm/payload@3.70.0_graphql@16.12.0_typescript@5.8.3/node_modules/payload/src/collections/operations/create.ts:219:31)
    at async seed (/Users/albertdb/Documents/Antigravity/prenda/prenda-del-alma/apps/backend/src/seed.ts:486:13) {
  data: {
    id: undefined,
    collection: 'artworks',
    errors: [ [Object] ],
    global: undefined
  },
  isOperational: true,
  isPublic: true,
  status: 400,
  [cause]: {
    id: undefined,
    collection: 'artworks',
    errors: [ [Object] ],
    global: undefined
  }
}
Seeding Events...
Seeding Articles...
Seed Complete!
